Start testing: Nov 28 16:39 New Zealand Summer Time
----------------------------------------------------------
Test not available without configuration.  (Missing "-C <config>"?)
1/370 Testing: "advent-of-code-core-test:Updating region cell updates the item returned next time it is queried"
1/370 Test: "advent-of-code-core-test:Updating region cell updates the item returned next time it is queried"
Command: "NOT_AVAILABLE"
Directory: F:/Workspace/Git/advent-of-code/testbuild/test/Core
""advent-of-code-core-test:Updating region cell updates the item returned next time it is queried"" start time: 
Output:
----------------------------------------------------------
<end of output>
Test time =   0.00 sec
----------------------------------------------------------
Test Passed.
""advent-of-code-core-test:Updating region cell updates the item returned next time it is queried"" end time: Nov 28 16:39 New Zealand Summer Time
""advent-of-code-core-test:Updating region cell updates the item returned next time it is queried"" time elapsed: 00:00:00
----------------------------------------------------------

Test not available without configuration.  (Missing "-C <config>"?)
2/370 Testing: "advent-of-code-core-test:Missionaries & Cannibals"
2/370 Test: "advent-of-code-core-test:Missionaries & Cannibals"
Command: "NOT_AVAILABLE"
Directory: F:/Workspace/Git/advent-of-code/testbuild/test/Core
""advent-of-code-core-test:Missionaries & Cannibals"" start time: 
Output:
----------------------------------------------------------
<end of output>
Test time =   0.00 sec
----------------------------------------------------------
Test Passed.
""advent-of-code-core-test:Missionaries & Cannibals"" end time: Nov 28 16:39 New Zealand Summer Time
""advent-of-code-core-test:Missionaries & Cannibals"" time elapsed: 00:00:00
----------------------------------------------------------

Test not available without configuration.  (Missing "-C <config>"?)
3/370 Testing: "advent-of-code-core-test:Farmer, Fox, Chicken and Grain"
3/370 Test: "advent-of-code-core-test:Farmer, Fox, Chicken and Grain"
Command: "NOT_AVAILABLE"
Directory: F:/Workspace/Git/advent-of-code/testbuild/test/Core
""advent-of-code-core-test:Farmer, Fox, Chicken and Grain"" start time: 
Output:
----------------------------------------------------------
<end of output>
Test time =   0.00 sec
----------------------------------------------------------
Test Passed.
""advent-of-code-core-test:Farmer, Fox, Chicken and Grain"" end time: Nov 28 16:39 New Zealand Summer Time
""advent-of-code-core-test:Farmer, Fox, Chicken and Grain"" time elapsed: 00:00:00
----------------------------------------------------------

Test not available without configuration.  (Missing "-C <config>"?)
4/370 Testing: "advent-of-code-year2015-test:2015 Day 1 Part 1 Example work"
4/370 Test: "advent-of-code-year2015-test:2015 Day 1 Part 1 Example work"
Command: "NOT_AVAILABLE"
Directory: F:/Workspace/Git/advent-of-code/testbuild/test/2015
""advent-of-code-year2015-test:2015 Day 1 Part 1 Example work"" start time: 
Output:
----------------------------------------------------------
<end of output>
Test time =   0.00 sec
----------------------------------------------------------
Test Passed.
""advent-of-code-year2015-test:2015 Day 1 Part 1 Example work"" end time: Nov 28 16:39 New Zealand Summer Time
""advent-of-code-year2015-test:2015 Day 1 Part 1 Example work"" time elapsed: 00:00:00
----------------------------------------------------------

Test not available without configuration.  (Missing "-C <config>"?)
5/370 Testing: "advent-of-code-year2015-test:2015 Day 1 Part 2 Example work"
5/370 Test: "advent-of-code-year2015-test:2015 Day 1 Part 2 Example work"
Command: "NOT_AVAILABLE"
Directory: F:/Workspace/Git/advent-of-code/testbuild/test/2015
""advent-of-code-year2015-test:2015 Day 1 Part 2 Example work"" start time: 
Output:
----------------------------------------------------------
<end of output>
Test time =   0.00 sec
----------------------------------------------------------
Test Passed.
""advent-of-code-year2015-test:2015 Day 1 Part 2 Example work"" end time: Nov 28 16:39 New Zealand Summer Time
""advent-of-code-year2015-test:2015 Day 1 Part 2 Example work"" time elapsed: 00:00:00
----------------------------------------------------------

Test not available without configuration.  (Missing "-C <config>"?)
6/370 Testing: "advent-of-code-year2015-test:2015 Day 2 Part 1 Examples work"
6/370 Test: "advent-of-code-year2015-test:2015 Day 2 Part 1 Examples work"
Command: "NOT_AVAILABLE"
Directory: F:/Workspace/Git/advent-of-code/testbuild/test/2015
""advent-of-code-year2015-test:2015 Day 2 Part 1 Examples work"" start time: 
Output:
----------------------------------------------------------
<end of output>
Test time =   0.00 sec
----------------------------------------------------------
Test Passed.
""advent-of-code-year2015-test:2015 Day 2 Part 1 Examples work"" end time: Nov 28 16:39 New Zealand Summer Time
""advent-of-code-year2015-test:2015 Day 2 Part 1 Examples work"" time elapsed: 00:00:00
----------------------------------------------------------

Test not available without configuration.  (Missing "-C <config>"?)
7/370 Testing: "advent-of-code-year2015-test:2015 Day 2 Part 2 Example work"
7/370 Test: "advent-of-code-year2015-test:2015 Day 2 Part 2 Example work"
Command: "NOT_AVAILABLE"
Directory: F:/Workspace/Git/advent-of-code/testbuild/test/2015
""advent-of-code-year2015-test:2015 Day 2 Part 2 Example work"" start time: 
Output:
----------------------------------------------------------
<end of output>
Test time =   0.00 sec
----------------------------------------------------------
Test Passed.
""advent-of-code-year2015-test:2015 Day 2 Part 2 Example work"" end time: Nov 28 16:39 New Zealand Summer Time
""advent-of-code-year2015-test:2015 Day 2 Part 2 Example work"" time elapsed: 00:00:00
----------------------------------------------------------

Test not available without configuration.  (Missing "-C <config>"?)
8/370 Testing: "advent-of-code-year2015-test:2015 Day 3 char to orientation works"
8/370 Test: "advent-of-code-year2015-test:2015 Day 3 char to orientation works"
Command: "NOT_AVAILABLE"
Directory: F:/Workspace/Git/advent-of-code/testbuild/test/2015
""advent-of-code-year2015-test:2015 Day 3 char to orientation works"" start time: 
Output:
----------------------------------------------------------
<end of output>
Test time =   0.00 sec
----------------------------------------------------------
Test Passed.
""advent-of-code-year2015-test:2015 Day 3 char to orientation works"" end time: Nov 28 16:39 New Zealand Summer Time
""advent-of-code-year2015-test:2015 Day 3 char to orientation works"" time elapsed: 00:00:00
----------------------------------------------------------

Test not available without configuration.  (Missing "-C <config>"?)
9/370 Testing: "advent-of-code-year2015-test:2015 Day 3 Part 1 visiting locations works"
9/370 Test: "advent-of-code-year2015-test:2015 Day 3 Part 1 visiting locations works"
Command: "NOT_AVAILABLE"
Directory: F:/Workspace/Git/advent-of-code/testbuild/test/2015
""advent-of-code-year2015-test:2015 Day 3 Part 1 visiting locations works"" start time: 
Output:
----------------------------------------------------------
<end of output>
Test time =   0.00 sec
----------------------------------------------------------
Test Passed.
""advent-of-code-year2015-test:2015 Day 3 Part 1 visiting locations works"" end time: Nov 28 16:39 New Zealand Summer Time
""advent-of-code-year2015-test:2015 Day 3 Part 1 visiting locations works"" time elapsed: 00:00:00
----------------------------------------------------------

Test not available without configuration.  (Missing "-C <config>"?)
10/370 Testing: "advent-of-code-year2015-test:2015 Day 3 Part 1 Examples work"
10/370 Test: "advent-of-code-year2015-test:2015 Day 3 Part 1 Examples work"
Command: "NOT_AVAILABLE"
Directory: F:/Workspace/Git/advent-of-code/testbuild/test/2015
""advent-of-code-year2015-test:2015 Day 3 Part 1 Examples work"" start time: 
Output:
----------------------------------------------------------
<end of output>
Test time =   0.00 sec
----------------------------------------------------------
Test Passed.
""advent-of-code-year2015-test:2015 Day 3 Part 1 Examples work"" end time: Nov 28 16:39 New Zealand Summer Time
""advent-of-code-year2015-test:2015 Day 3 Part 1 Examples work"" time elapsed: 00:00:00
----------------------------------------------------------

Test not available without configuration.  (Missing "-C <config>"?)
11/370 Testing: "advent-of-code-year2015-test:2015 Day 3 Part 2 Examples work"
11/370 Test: "advent-of-code-year2015-test:2015 Day 3 Part 2 Examples work"
Command: "NOT_AVAILABLE"
Directory: F:/Workspace/Git/advent-of-code/testbuild/test/2015
""advent-of-code-year2015-test:2015 Day 3 Part 2 Examples work"" start time: 
Output:
----------------------------------------------------------
<end of output>
Test time =   0.00 sec
----------------------------------------------------------
Test Passed.
""advent-of-code-year2015-test:2015 Day 3 Part 2 Examples work"" end time: Nov 28 16:39 New Zealand Summer Time
""advent-of-code-year2015-test:2015 Day 3 Part 2 Examples work"" time elapsed: 00:00:00
----------------------------------------------------------

Test not available without configuration.  (Missing "-C <config>"?)
12/370 Testing: "advent-of-code-year2015-test:2015 Day 4 Example 1 work"
12/370 Test: "advent-of-code-year2015-test:2015 Day 4 Example 1 work"
Command: "NOT_AVAILABLE"
Directory: F:/Workspace/Git/advent-of-code/testbuild/test/2015
""advent-of-code-year2015-test:2015 Day 4 Example 1 work"" start time: 
Output:
----------------------------------------------------------
<end of output>
Test time =   0.00 sec
----------------------------------------------------------
Test Passed.
""advent-of-code-year2015-test:2015 Day 4 Example 1 work"" end time: Nov 28 16:39 New Zealand Summer Time
""advent-of-code-year2015-test:2015 Day 4 Example 1 work"" time elapsed: 00:00:00
----------------------------------------------------------

Test not available without configuration.  (Missing "-C <config>"?)
13/370 Testing: "advent-of-code-year2015-test:2015 Day 5 Part 1 is string nice works"
13/370 Test: "advent-of-code-year2015-test:2015 Day 5 Part 1 is string nice works"
Command: "NOT_AVAILABLE"
Directory: F:/Workspace/Git/advent-of-code/testbuild/test/2015
""advent-of-code-year2015-test:2015 Day 5 Part 1 is string nice works"" start time: 
Output:
----------------------------------------------------------
<end of output>
Test time =   0.00 sec
----------------------------------------------------------
Test Passed.
""advent-of-code-year2015-test:2015 Day 5 Part 1 is string nice works"" end time: Nov 28 16:39 New Zealand Summer Time
""advent-of-code-year2015-test:2015 Day 5 Part 1 is string nice works"" time elapsed: 00:00:00
----------------------------------------------------------

Test not available without configuration.  (Missing "-C <config>"?)
14/370 Testing: "advent-of-code-year2015-test:2015 Day 5 Part 1 Example work"
14/370 Test: "advent-of-code-year2015-test:2015 Day 5 Part 1 Example work"
Command: "NOT_AVAILABLE"
Directory: F:/Workspace/Git/advent-of-code/testbuild/test/2015
""advent-of-code-year2015-test:2015 Day 5 Part 1 Example work"" start time: 
Output:
----------------------------------------------------------
<end of output>
Test time =   0.00 sec
----------------------------------------------------------
Test Passed.
""advent-of-code-year2015-test:2015 Day 5 Part 1 Example work"" end time: Nov 28 16:39 New Zealand Summer Time
""advent-of-code-year2015-test:2015 Day 5 Part 1 Example work"" time elapsed: 00:00:00
----------------------------------------------------------

Test not available without configuration.  (Missing "-C <config>"?)
15/370 Testing: "advent-of-code-year2015-test:2015 Day 5 Part 2 is string nice works"
15/370 Test: "advent-of-code-year2015-test:2015 Day 5 Part 2 is string nice works"
Command: "NOT_AVAILABLE"
Directory: F:/Workspace/Git/advent-of-code/testbuild/test/2015
""advent-of-code-year2015-test:2015 Day 5 Part 2 is string nice works"" start time: 
Output:
----------------------------------------------------------
<end of output>
Test time =   0.00 sec
----------------------------------------------------------
Test Passed.
""advent-of-code-year2015-test:2015 Day 5 Part 2 is string nice works"" end time: Nov 28 16:39 New Zealand Summer Time
""advent-of-code-year2015-test:2015 Day 5 Part 2 is string nice works"" time elapsed: 00:00:00
----------------------------------------------------------

Test not available without configuration.  (Missing "-C <config>"?)
16/370 Testing: "advent-of-code-year2015-test:2015 Day 5 Part 2 Example work"
16/370 Test: "advent-of-code-year2015-test:2015 Day 5 Part 2 Example work"
Command: "NOT_AVAILABLE"
Directory: F:/Workspace/Git/advent-of-code/testbuild/test/2015
""advent-of-code-year2015-test:2015 Day 5 Part 2 Example work"" start time: 
Output:
----------------------------------------------------------
<end of output>
Test time =   0.00 sec
----------------------------------------------------------
Test Passed.
""advent-of-code-year2015-test:2015 Day 5 Part 2 Example work"" end time: Nov 28 16:39 New Zealand Summer Time
""advent-of-code-year2015-test:2015 Day 5 Part 2 Example work"" time elapsed: 00:00:00
----------------------------------------------------------

Test not available without configuration.  (Missing "-C <config>"?)
17/370 Testing: "advent-of-code-year2015-test:2015 Day 6 Input parsing works"
17/370 Test: "advent-of-code-year2015-test:2015 Day 6 Input parsing works"
Command: "NOT_AVAILABLE"
Directory: F:/Workspace/Git/advent-of-code/testbuild/test/2015
""advent-of-code-year2015-test:2015 Day 6 Input parsing works"" start time: 
Output:
----------------------------------------------------------
<end of output>
Test time =   0.00 sec
----------------------------------------------------------
Test Passed.
""advent-of-code-year2015-test:2015 Day 6 Input parsing works"" end time: Nov 28 16:39 New Zealand Summer Time
""advent-of-code-year2015-test:2015 Day 6 Input parsing works"" time elapsed: 00:00:00
----------------------------------------------------------

Test not available without configuration.  (Missing "-C <config>"?)
18/370 Testing: "advent-of-code-year2015-test:2015 Day 6 Part 1 Example work"
18/370 Test: "advent-of-code-year2015-test:2015 Day 6 Part 1 Example work"
Command: "NOT_AVAILABLE"
Directory: F:/Workspace/Git/advent-of-code/testbuild/test/2015
""advent-of-code-year2015-test:2015 Day 6 Part 1 Example work"" start time: 
Output:
----------------------------------------------------------
<end of output>
Test time =   0.00 sec
----------------------------------------------------------
Test Passed.
""advent-of-code-year2015-test:2015 Day 6 Part 1 Example work"" end time: Nov 28 16:39 New Zealand Summer Time
""advent-of-code-year2015-test:2015 Day 6 Part 1 Example work"" time elapsed: 00:00:00
----------------------------------------------------------

Test not available without configuration.  (Missing "-C <config>"?)
19/370 Testing: "advent-of-code-year2015-test:2015 Day 6 Part 2 Example work"
19/370 Test: "advent-of-code-year2015-test:2015 Day 6 Part 2 Example work"
Command: "NOT_AVAILABLE"
Directory: F:/Workspace/Git/advent-of-code/testbuild/test/2015
""advent-of-code-year2015-test:2015 Day 6 Part 2 Example work"" start time: 
Output:
----------------------------------------------------------
<end of output>
Test time =   0.00 sec
----------------------------------------------------------
Test Passed.
""advent-of-code-year2015-test:2015 Day 6 Part 2 Example work"" end time: Nov 28 16:39 New Zealand Summer Time
""advent-of-code-year2015-test:2015 Day 6 Part 2 Example work"" time elapsed: 00:00:00
----------------------------------------------------------

Test not available without configuration.  (Missing "-C <config>"?)
20/370 Testing: "advent-of-code-year2015-test:2015 Day 7 Parsing input works"
20/370 Test: "advent-of-code-year2015-test:2015 Day 7 Parsing input works"
Command: "NOT_AVAILABLE"
Directory: F:/Workspace/Git/advent-of-code/testbuild/test/2015
""advent-of-code-year2015-test:2015 Day 7 Parsing input works"" start time: 
Output:
----------------------------------------------------------
<end of output>
Test time =   0.00 sec
----------------------------------------------------------
Test Passed.
""advent-of-code-year2015-test:2015 Day 7 Parsing input works"" end time: Nov 28 16:39 New Zealand Summer Time
""advent-of-code-year2015-test:2015 Day 7 Parsing input works"" time elapsed: 00:00:00
----------------------------------------------------------

Test not available without configuration.  (Missing "-C <config>"?)
21/370 Testing: "advent-of-code-year2015-test:2015 Day 7 isResolved works"
21/370 Test: "advent-of-code-year2015-test:2015 Day 7 isResolved works"
Command: "NOT_AVAILABLE"
Directory: F:/Workspace/Git/advent-of-code/testbuild/test/2015
""advent-of-code-year2015-test:2015 Day 7 isResolved works"" start time: 
Output:
----------------------------------------------------------
<end of output>
Test time =   0.00 sec
----------------------------------------------------------
Test Passed.
""advent-of-code-year2015-test:2015 Day 7 isResolved works"" end time: Nov 28 16:39 New Zealand Summer Time
""advent-of-code-year2015-test:2015 Day 7 isResolved works"" time elapsed: 00:00:00
----------------------------------------------------------

Test not available without configuration.  (Missing "-C <config>"?)
22/370 Testing: "advent-of-code-year2015-test:2015 Day 7 Part 1 Example work"
22/370 Test: "advent-of-code-year2015-test:2015 Day 7 Part 1 Example work"
Command: "NOT_AVAILABLE"
Directory: F:/Workspace/Git/advent-of-code/testbuild/test/2015
""advent-of-code-year2015-test:2015 Day 7 Part 1 Example work"" start time: 
Output:
----------------------------------------------------------
<end of output>
Test time =   0.00 sec
----------------------------------------------------------
Test Passed.
""advent-of-code-year2015-test:2015 Day 7 Part 1 Example work"" end time: Nov 28 16:39 New Zealand Summer Time
""advent-of-code-year2015-test:2015 Day 7 Part 1 Example work"" time elapsed: 00:00:00
----------------------------------------------------------

Test not available without configuration.  (Missing "-C <config>"?)
23/370 Testing: "advent-of-code-year2015-test:2015 Day 7 Part 2 Example work"
23/370 Test: "advent-of-code-year2015-test:2015 Day 7 Part 2 Example work"
Command: "NOT_AVAILABLE"
Directory: F:/Workspace/Git/advent-of-code/testbuild/test/2015
""advent-of-code-year2015-test:2015 Day 7 Part 2 Example work"" start time: 
Output:
----------------------------------------------------------
<end of output>
Test time =   0.00 sec
----------------------------------------------------------
Test Passed.
""advent-of-code-year2015-test:2015 Day 7 Part 2 Example work"" end time: Nov 28 16:39 New Zealand Summer Time
""advent-of-code-year2015-test:2015 Day 7 Part 2 Example work"" time elapsed: 00:00:00
----------------------------------------------------------

Test not available without configuration.  (Missing "-C <config>"?)
24/370 Testing: "advent-of-code-year2015-test:2015 Day 8 Part 1 Examples work"
24/370 Test: "advent-of-code-year2015-test:2015 Day 8 Part 1 Examples work"
Command: "NOT_AVAILABLE"
Directory: F:/Workspace/Git/advent-of-code/testbuild/test/2015
""advent-of-code-year2015-test:2015 Day 8 Part 1 Examples work"" start time: 
Output:
----------------------------------------------------------
<end of output>
Test time =   0.00 sec
----------------------------------------------------------
Test Passed.
""advent-of-code-year2015-test:2015 Day 8 Part 1 Examples work"" end time: Nov 28 16:39 New Zealand Summer Time
""advent-of-code-year2015-test:2015 Day 8 Part 1 Examples work"" time elapsed: 00:00:00
----------------------------------------------------------

Test not available without configuration.  (Missing "-C <config>"?)
25/370 Testing: "advent-of-code-year2015-test:2015 Day 8 Part 2 Examples work"
25/370 Test: "advent-of-code-year2015-test:2015 Day 8 Part 2 Examples work"
Command: "NOT_AVAILABLE"
Directory: F:/Workspace/Git/advent-of-code/testbuild/test/2015
""advent-of-code-year2015-test:2015 Day 8 Part 2 Examples work"" start time: 
Output:
----------------------------------------------------------
<end of output>
Test time =   0.00 sec
----------------------------------------------------------
Test Passed.
""advent-of-code-year2015-test:2015 Day 8 Part 2 Examples work"" end time: Nov 28 16:39 New Zealand Summer Time
""advent-of-code-year2015-test:2015 Day 8 Part 2 Examples work"" time elapsed: 00:00:00
----------------------------------------------------------

Test not available without configuration.  (Missing "-C <config>"?)
26/370 Testing: "advent-of-code-year2015-test:2015 Day 9 Part 1 Example work"
26/370 Test: "advent-of-code-year2015-test:2015 Day 9 Part 1 Example work"
Command: "NOT_AVAILABLE"
Directory: F:/Workspace/Git/advent-of-code/testbuild/test/2015
""advent-of-code-year2015-test:2015 Day 9 Part 1 Example work"" start time: 
Output:
----------------------------------------------------------
<end of output>
Test time =   0.00 sec
----------------------------------------------------------
Test Passed.
""advent-of-code-year2015-test:2015 Day 9 Part 1 Example work"" end time: Nov 28 16:39 New Zealand Summer Time
""advent-of-code-year2015-test:2015 Day 9 Part 1 Example work"" time elapsed: 00:00:00
----------------------------------------------------------

Test not available without configuration.  (Missing "-C <config>"?)
27/370 Testing: "advent-of-code-year2015-test:2015 Day 9 Part 2 Example work"
27/370 Test: "advent-of-code-year2015-test:2015 Day 9 Part 2 Example work"
Command: "NOT_AVAILABLE"
Directory: F:/Workspace/Git/advent-of-code/testbuild/test/2015
""advent-of-code-year2015-test:2015 Day 9 Part 2 Example work"" start time: 
Output:
----------------------------------------------------------
<end of output>
Test time =   0.00 sec
----------------------------------------------------------
Test Passed.
""advent-of-code-year2015-test:2015 Day 9 Part 2 Example work"" end time: Nov 28 16:39 New Zealand Summer Time
""advent-of-code-year2015-test:2015 Day 9 Part 2 Example work"" time elapsed: 00:00:00
----------------------------------------------------------

Test not available without configuration.  (Missing "-C <config>"?)
28/370 Testing: "advent-of-code-year2015-test:2015 Day 10 Example works for 1 iteration"
28/370 Test: "advent-of-code-year2015-test:2015 Day 10 Example works for 1 iteration"
Command: "NOT_AVAILABLE"
Directory: F:/Workspace/Git/advent-of-code/testbuild/test/2015
""advent-of-code-year2015-test:2015 Day 10 Example works for 1 iteration"" start time: 
Output:
----------------------------------------------------------
<end of output>
Test time =   0.00 sec
----------------------------------------------------------
Test Passed.
""advent-of-code-year2015-test:2015 Day 10 Example works for 1 iteration"" end time: Nov 28 16:39 New Zealand Summer Time
""advent-of-code-year2015-test:2015 Day 10 Example works for 1 iteration"" time elapsed: 00:00:00
----------------------------------------------------------

Test not available without configuration.  (Missing "-C <config>"?)
29/370 Testing: "advent-of-code-year2015-test:2015 Day 10 Example works for multiple iteration"
29/370 Test: "advent-of-code-year2015-test:2015 Day 10 Example works for multiple iteration"
Command: "NOT_AVAILABLE"
Directory: F:/Workspace/Git/advent-of-code/testbuild/test/2015
""advent-of-code-year2015-test:2015 Day 10 Example works for multiple iteration"" start time: 
Output:
----------------------------------------------------------
<end of output>
Test time =   0.00 sec
----------------------------------------------------------
Test Passed.
""advent-of-code-year2015-test:2015 Day 10 Example works for multiple iteration"" end time: Nov 28 16:39 New Zealand Summer Time
""advent-of-code-year2015-test:2015 Day 10 Example works for multiple iteration"" time elapsed: 00:00:00
----------------------------------------------------------

Test not available without configuration.  (Missing "-C <config>"?)
30/370 Testing: "advent-of-code-year2015-test:2015 Day 11 passwords are incremented correctly"
30/370 Test: "advent-of-code-year2015-test:2015 Day 11 passwords are incremented correctly"
Command: "NOT_AVAILABLE"
Directory: F:/Workspace/Git/advent-of-code/testbuild/test/2015
""advent-of-code-year2015-test:2015 Day 11 passwords are incremented correctly"" start time: 
Output:
----------------------------------------------------------
<end of output>
Test time =   0.00 sec
----------------------------------------------------------
Test Passed.
""advent-of-code-year2015-test:2015 Day 11 passwords are incremented correctly"" end time: Nov 28 16:39 New Zealand Summer Time
""advent-of-code-year2015-test:2015 Day 11 passwords are incremented correctly"" time elapsed: 00:00:00
----------------------------------------------------------

Test not available without configuration.  (Missing "-C <config>"?)
31/370 Testing: "advent-of-code-year2015-test:2015 Day 11 password requirements are validated correctly"
31/370 Test: "advent-of-code-year2015-test:2015 Day 11 password requirements are validated correctly"
Command: "NOT_AVAILABLE"
Directory: F:/Workspace/Git/advent-of-code/testbuild/test/2015
""advent-of-code-year2015-test:2015 Day 11 password requirements are validated correctly"" start time: 
Output:
----------------------------------------------------------
<end of output>
Test time =   0.00 sec
----------------------------------------------------------
Test Passed.
""advent-of-code-year2015-test:2015 Day 11 password requirements are validated correctly"" end time: Nov 28 16:39 New Zealand Summer Time
""advent-of-code-year2015-test:2015 Day 11 password requirements are validated correctly"" time elapsed: 00:00:00
----------------------------------------------------------

Test not available without configuration.  (Missing "-C <config>"?)
32/370 Testing: "advent-of-code-year2015-test:2015 Day 11 Part 1 Example work"
32/370 Test: "advent-of-code-year2015-test:2015 Day 11 Part 1 Example work"
Command: "NOT_AVAILABLE"
Directory: F:/Workspace/Git/advent-of-code/testbuild/test/2015
""advent-of-code-year2015-test:2015 Day 11 Part 1 Example work"" start time: 
Output:
----------------------------------------------------------
<end of output>
Test time =   0.00 sec
----------------------------------------------------------
Test Passed.
""advent-of-code-year2015-test:2015 Day 11 Part 1 Example work"" end time: Nov 28 16:39 New Zealand Summer Time
""advent-of-code-year2015-test:2015 Day 11 Part 1 Example work"" time elapsed: 00:00:00
----------------------------------------------------------

Test not available without configuration.  (Missing "-C <config>"?)
33/370 Testing: "advent-of-code-year2015-test:2015 Day 12 Part 1 Examples work"
33/370 Test: "advent-of-code-year2015-test:2015 Day 12 Part 1 Examples work"
Command: "NOT_AVAILABLE"
Directory: F:/Workspace/Git/advent-of-code/testbuild/test/2015
""advent-of-code-year2015-test:2015 Day 12 Part 1 Examples work"" start time: 
Output:
----------------------------------------------------------
<end of output>
Test time =   0.00 sec
----------------------------------------------------------
Test Passed.
""advent-of-code-year2015-test:2015 Day 12 Part 1 Examples work"" end time: Nov 28 16:39 New Zealand Summer Time
""advent-of-code-year2015-test:2015 Day 12 Part 1 Examples work"" time elapsed: 00:00:00
----------------------------------------------------------

Test not available without configuration.  (Missing "-C <config>"?)
34/370 Testing: "advent-of-code-year2015-test:2015 Day 12 Part 2 Examples work"
34/370 Test: "advent-of-code-year2015-test:2015 Day 12 Part 2 Examples work"
Command: "NOT_AVAILABLE"
Directory: F:/Workspace/Git/advent-of-code/testbuild/test/2015
""advent-of-code-year2015-test:2015 Day 12 Part 2 Examples work"" start time: 
Output:
----------------------------------------------------------
<end of output>
Test time =   0.00 sec
----------------------------------------------------------
Test Passed.
""advent-of-code-year2015-test:2015 Day 12 Part 2 Examples work"" end time: Nov 28 16:39 New Zealand Summer Time
""advent-of-code-year2015-test:2015 Day 12 Part 2 Examples work"" time elapsed: 00:00:00
----------------------------------------------------------

Test not available without configuration.  (Missing "-C <config>"?)
35/370 Testing: "advent-of-code-year2015-test:2015 Day 13 Examples work"
35/370 Test: "advent-of-code-year2015-test:2015 Day 13 Examples work"
Command: "NOT_AVAILABLE"
Directory: F:/Workspace/Git/advent-of-code/testbuild/test/2015
""advent-of-code-year2015-test:2015 Day 13 Examples work"" start time: 
Output:
----------------------------------------------------------
<end of output>
Test time =   0.00 sec
----------------------------------------------------------
Test Passed.
""advent-of-code-year2015-test:2015 Day 13 Examples work"" end time: Nov 28 16:39 New Zealand Summer Time
""advent-of-code-year2015-test:2015 Day 13 Examples work"" time elapsed: 00:00:00
----------------------------------------------------------

Test not available without configuration.  (Missing "-C <config>"?)
36/370 Testing: "advent-of-code-year2015-test:2015 Day 14 parsing input works"
36/370 Test: "advent-of-code-year2015-test:2015 Day 14 parsing input works"
Command: "NOT_AVAILABLE"
Directory: F:/Workspace/Git/advent-of-code/testbuild/test/2015
""advent-of-code-year2015-test:2015 Day 14 parsing input works"" start time: 
Output:
----------------------------------------------------------
<end of output>
Test time =   0.00 sec
----------------------------------------------------------
Test Passed.
""advent-of-code-year2015-test:2015 Day 14 parsing input works"" end time: Nov 28 16:39 New Zealand Summer Time
""advent-of-code-year2015-test:2015 Day 14 parsing input works"" time elapsed: 00:00:00
----------------------------------------------------------

Test not available without configuration.  (Missing "-C <config>"?)
37/370 Testing: "advent-of-code-year2015-test:2015 Day 14 can calculate distance from time and info"
37/370 Test: "advent-of-code-year2015-test:2015 Day 14 can calculate distance from time and info"
Command: "NOT_AVAILABLE"
Directory: F:/Workspace/Git/advent-of-code/testbuild/test/2015
""advent-of-code-year2015-test:2015 Day 14 can calculate distance from time and info"" start time: 
Output:
----------------------------------------------------------
<end of output>
Test time =   0.00 sec
----------------------------------------------------------
Test Passed.
""advent-of-code-year2015-test:2015 Day 14 can calculate distance from time and info"" end time: Nov 28 16:39 New Zealand Summer Time
""advent-of-code-year2015-test:2015 Day 14 can calculate distance from time and info"" time elapsed: 00:00:00
----------------------------------------------------------

Test not available without configuration.  (Missing "-C <config>"?)
38/370 Testing: "advent-of-code-year2015-test:2015 Day 14 Part 1 Example work"
38/370 Test: "advent-of-code-year2015-test:2015 Day 14 Part 1 Example work"
Command: "NOT_AVAILABLE"
Directory: F:/Workspace/Git/advent-of-code/testbuild/test/2015
""advent-of-code-year2015-test:2015 Day 14 Part 1 Example work"" start time: 
Output:
----------------------------------------------------------
<end of output>
Test time =   0.00 sec
----------------------------------------------------------
Test Passed.
""advent-of-code-year2015-test:2015 Day 14 Part 1 Example work"" end time: Nov 28 16:39 New Zealand Summer Time
""advent-of-code-year2015-test:2015 Day 14 Part 1 Example work"" time elapsed: 00:00:00
----------------------------------------------------------

Test not available without configuration.  (Missing "-C <config>"?)
39/370 Testing: "advent-of-code-year2015-test:2015 Day 14 Part 2 Example work"
39/370 Test: "advent-of-code-year2015-test:2015 Day 14 Part 2 Example work"
Command: "NOT_AVAILABLE"
Directory: F:/Workspace/Git/advent-of-code/testbuild/test/2015
""advent-of-code-year2015-test:2015 Day 14 Part 2 Example work"" start time: 
Output:
----------------------------------------------------------
<end of output>
Test time =   0.00 sec
----------------------------------------------------------
Test Passed.
""advent-of-code-year2015-test:2015 Day 14 Part 2 Example work"" end time: Nov 28 16:39 New Zealand Summer Time
""advent-of-code-year2015-test:2015 Day 14 Part 2 Example work"" time elapsed: 00:00:00
----------------------------------------------------------

Test not available without configuration.  (Missing "-C <config>"?)
40/370 Testing: "advent-of-code-year2015-test:2015 Day 15 parsing input works"
40/370 Test: "advent-of-code-year2015-test:2015 Day 15 parsing input works"
Command: "NOT_AVAILABLE"
Directory: F:/Workspace/Git/advent-of-code/testbuild/test/2015
""advent-of-code-year2015-test:2015 Day 15 parsing input works"" start time: 
Output:
----------------------------------------------------------
<end of output>
Test time =   0.00 sec
----------------------------------------------------------
Test Passed.
""advent-of-code-year2015-test:2015 Day 15 parsing input works"" end time: Nov 28 16:39 New Zealand Summer Time
""advent-of-code-year2015-test:2015 Day 15 parsing input works"" time elapsed: 00:00:00
----------------------------------------------------------

Test not available without configuration.  (Missing "-C <config>"?)
41/370 Testing: "advent-of-code-year2015-test:2015 Day 15 Examples work"
41/370 Test: "advent-of-code-year2015-test:2015 Day 15 Examples work"
Command: "NOT_AVAILABLE"
Directory: F:/Workspace/Git/advent-of-code/testbuild/test/2015
""advent-of-code-year2015-test:2015 Day 15 Examples work"" start time: 
Output:
----------------------------------------------------------
<end of output>
Test time =   0.00 sec
----------------------------------------------------------
Test Passed.
""advent-of-code-year2015-test:2015 Day 15 Examples work"" end time: Nov 28 16:39 New Zealand Summer Time
""advent-of-code-year2015-test:2015 Day 15 Examples work"" time elapsed: 00:00:00
----------------------------------------------------------

Test not available without configuration.  (Missing "-C <config>"?)
42/370 Testing: "advent-of-code-year2015-test:2015 Day 16 parsing input works"
42/370 Test: "advent-of-code-year2015-test:2015 Day 16 parsing input works"
Command: "NOT_AVAILABLE"
Directory: F:/Workspace/Git/advent-of-code/testbuild/test/2015
""advent-of-code-year2015-test:2015 Day 16 parsing input works"" start time: 
Output:
----------------------------------------------------------
<end of output>
Test time =   0.00 sec
----------------------------------------------------------
Test Passed.
""advent-of-code-year2015-test:2015 Day 16 parsing input works"" end time: Nov 28 16:39 New Zealand Summer Time
""advent-of-code-year2015-test:2015 Day 16 parsing input works"" time elapsed: 00:00:00
----------------------------------------------------------

Test not available without configuration.  (Missing "-C <config>"?)
43/370 Testing: "advent-of-code-year2015-test:2015 Day 16 isInvalid for part1 works"
43/370 Test: "advent-of-code-year2015-test:2015 Day 16 isInvalid for part1 works"
Command: "NOT_AVAILABLE"
Directory: F:/Workspace/Git/advent-of-code/testbuild/test/2015
""advent-of-code-year2015-test:2015 Day 16 isInvalid for part1 works"" start time: 
Output:
----------------------------------------------------------
<end of output>
Test time =   0.00 sec
----------------------------------------------------------
Test Passed.
""advent-of-code-year2015-test:2015 Day 16 isInvalid for part1 works"" end time: Nov 28 16:39 New Zealand Summer Time
""advent-of-code-year2015-test:2015 Day 16 isInvalid for part1 works"" time elapsed: 00:00:00
----------------------------------------------------------

Test not available without configuration.  (Missing "-C <config>"?)
44/370 Testing: "advent-of-code-year2015-test:2015 Day 16 isInvalid for part 2works"
44/370 Test: "advent-of-code-year2015-test:2015 Day 16 isInvalid for part 2works"
Command: "NOT_AVAILABLE"
Directory: F:/Workspace/Git/advent-of-code/testbuild/test/2015
""advent-of-code-year2015-test:2015 Day 16 isInvalid for part 2works"" start time: 
Output:
----------------------------------------------------------
<end of output>
Test time =   0.00 sec
----------------------------------------------------------
Test Passed.
""advent-of-code-year2015-test:2015 Day 16 isInvalid for part 2works"" end time: Nov 28 16:39 New Zealand Summer Time
""advent-of-code-year2015-test:2015 Day 16 isInvalid for part 2works"" time elapsed: 00:00:00
----------------------------------------------------------

Test not available without configuration.  (Missing "-C <config>"?)
45/370 Testing: "advent-of-code-year2015-test:2015 Day 16 getPotentialsIds for part 1 works"
45/370 Test: "advent-of-code-year2015-test:2015 Day 16 getPotentialsIds for part 1 works"
Command: "NOT_AVAILABLE"
Directory: F:/Workspace/Git/advent-of-code/testbuild/test/2015
""advent-of-code-year2015-test:2015 Day 16 getPotentialsIds for part 1 works"" start time: 
Output:
----------------------------------------------------------
<end of output>
Test time =   0.00 sec
----------------------------------------------------------
Test Passed.
""advent-of-code-year2015-test:2015 Day 16 getPotentialsIds for part 1 works"" end time: Nov 28 16:39 New Zealand Summer Time
""advent-of-code-year2015-test:2015 Day 16 getPotentialsIds for part 1 works"" time elapsed: 00:00:00
----------------------------------------------------------

Test not available without configuration.  (Missing "-C <config>"?)
46/370 Testing: "advent-of-code-year2015-test:2015 Day 17 Examples work"
46/370 Test: "advent-of-code-year2015-test:2015 Day 17 Examples work"
Command: "NOT_AVAILABLE"
Directory: F:/Workspace/Git/advent-of-code/testbuild/test/2015
""advent-of-code-year2015-test:2015 Day 17 Examples work"" start time: 
Output:
----------------------------------------------------------
<end of output>
Test time =   0.00 sec
----------------------------------------------------------
Test Passed.
""advent-of-code-year2015-test:2015 Day 17 Examples work"" end time: Nov 28 16:39 New Zealand Summer Time
""advent-of-code-year2015-test:2015 Day 17 Examples work"" time elapsed: 00:00:00
----------------------------------------------------------

Test not available without configuration.  (Missing "-C <config>"?)
47/370 Testing: "advent-of-code-year2015-test:2015 Day 18 region is constructed correctly"
47/370 Test: "advent-of-code-year2015-test:2015 Day 18 region is constructed correctly"
Command: "NOT_AVAILABLE"
Directory: F:/Workspace/Git/advent-of-code/testbuild/test/2015
""advent-of-code-year2015-test:2015 Day 18 region is constructed correctly"" start time: 
Output:
----------------------------------------------------------
<end of output>
Test time =   0.00 sec
----------------------------------------------------------
Test Passed.
""advent-of-code-year2015-test:2015 Day 18 region is constructed correctly"" end time: Nov 28 16:39 New Zealand Summer Time
""advent-of-code-year2015-test:2015 Day 18 region is constructed correctly"" time elapsed: 00:00:00
----------------------------------------------------------

Test not available without configuration.  (Missing "-C <config>"?)
48/370 Testing: "advent-of-code-year2015-test:2015 Day 18 iterating works as expected for part 1"
48/370 Test: "advent-of-code-year2015-test:2015 Day 18 iterating works as expected for part 1"
Command: "NOT_AVAILABLE"
Directory: F:/Workspace/Git/advent-of-code/testbuild/test/2015
""advent-of-code-year2015-test:2015 Day 18 iterating works as expected for part 1"" start time: 
Output:
----------------------------------------------------------
<end of output>
Test time =   0.00 sec
----------------------------------------------------------
Test Passed.
""advent-of-code-year2015-test:2015 Day 18 iterating works as expected for part 1"" end time: Nov 28 16:39 New Zealand Summer Time
""advent-of-code-year2015-test:2015 Day 18 iterating works as expected for part 1"" time elapsed: 00:00:00
----------------------------------------------------------

Test not available without configuration.  (Missing "-C <config>"?)
49/370 Testing: "advent-of-code-year2015-test:2015 Day 18 iterating works as expected for part 2"
49/370 Test: "advent-of-code-year2015-test:2015 Day 18 iterating works as expected for part 2"
Command: "NOT_AVAILABLE"
Directory: F:/Workspace/Git/advent-of-code/testbuild/test/2015
""advent-of-code-year2015-test:2015 Day 18 iterating works as expected for part 2"" start time: 
Output:
----------------------------------------------------------
<end of output>
Test time =   0.00 sec
----------------------------------------------------------
Test Passed.
""advent-of-code-year2015-test:2015 Day 18 iterating works as expected for part 2"" end time: Nov 28 16:39 New Zealand Summer Time
""advent-of-code-year2015-test:2015 Day 18 iterating works as expected for part 2"" time elapsed: 00:00:00
----------------------------------------------------------

Test not available without configuration.  (Missing "-C <config>"?)
50/370 Testing: "advent-of-code-year2015-test:2015 Day 18 examples work correctly"
50/370 Test: "advent-of-code-year2015-test:2015 Day 18 examples work correctly"
Command: "NOT_AVAILABLE"
Directory: F:/Workspace/Git/advent-of-code/testbuild/test/2015
""advent-of-code-year2015-test:2015 Day 18 examples work correctly"" start time: 
Output:
----------------------------------------------------------
<end of output>
Test time =   0.00 sec
----------------------------------------------------------
Test Passed.
""advent-of-code-year2015-test:2015 Day 18 examples work correctly"" end time: Nov 28 16:39 New Zealand Summer Time
""advent-of-code-year2015-test:2015 Day 18 examples work correctly"" time elapsed: 00:00:00
----------------------------------------------------------

Test not available without configuration.  (Missing "-C <config>"?)
51/370 Testing: "advent-of-code-year2015-test:2015 Day 19 capital split works"
51/370 Test: "advent-of-code-year2015-test:2015 Day 19 capital split works"
Command: "NOT_AVAILABLE"
Directory: F:/Workspace/Git/advent-of-code/testbuild/test/2015
""advent-of-code-year2015-test:2015 Day 19 capital split works"" start time: 
Output:
----------------------------------------------------------
<end of output>
Test time =   0.00 sec
----------------------------------------------------------
Test Passed.
""advent-of-code-year2015-test:2015 Day 19 capital split works"" end time: Nov 28 16:39 New Zealand Summer Time
""advent-of-code-year2015-test:2015 Day 19 capital split works"" time elapsed: 00:00:00
----------------------------------------------------------

Test not available without configuration.  (Missing "-C <config>"?)
52/370 Testing: "advent-of-code-year2015-test:2015 Day 19 Parses input correctly"
52/370 Test: "advent-of-code-year2015-test:2015 Day 19 Parses input correctly"
Command: "NOT_AVAILABLE"
Directory: F:/Workspace/Git/advent-of-code/testbuild/test/2015
""advent-of-code-year2015-test:2015 Day 19 Parses input correctly"" start time: 
Output:
----------------------------------------------------------
<end of output>
Test time =   0.00 sec
----------------------------------------------------------
Test Passed.
""advent-of-code-year2015-test:2015 Day 19 Parses input correctly"" end time: Nov 28 16:39 New Zealand Summer Time
""advent-of-code-year2015-test:2015 Day 19 Parses input correctly"" time elapsed: 00:00:00
----------------------------------------------------------

Test not available without configuration.  (Missing "-C <config>"?)
53/370 Testing: "advent-of-code-year2015-test:2015 Day 19 getting steps to generate examples work"
53/370 Test: "advent-of-code-year2015-test:2015 Day 19 getting steps to generate examples work"
Command: "NOT_AVAILABLE"
Directory: F:/Workspace/Git/advent-of-code/testbuild/test/2015
""advent-of-code-year2015-test:2015 Day 19 getting steps to generate examples work"" start time: 
Output:
----------------------------------------------------------
<end of output>
Test time =   0.00 sec
----------------------------------------------------------
Test Passed.
""advent-of-code-year2015-test:2015 Day 19 getting steps to generate examples work"" end time: Nov 28 16:39 New Zealand Summer Time
""advent-of-code-year2015-test:2015 Day 19 getting steps to generate examples work"" time elapsed: 00:00:00
----------------------------------------------------------

Test not available without configuration.  (Missing "-C <config>"?)
54/370 Testing: "advent-of-code-year2015-test:2015 Day 20 Part 1 Example works"
54/370 Test: "advent-of-code-year2015-test:2015 Day 20 Part 1 Example works"
Command: "NOT_AVAILABLE"
Directory: F:/Workspace/Git/advent-of-code/testbuild/test/2015
""advent-of-code-year2015-test:2015 Day 20 Part 1 Example works"" start time: 
Output:
----------------------------------------------------------
<end of output>
Test time =   0.00 sec
----------------------------------------------------------
Test Passed.
""advent-of-code-year2015-test:2015 Day 20 Part 1 Example works"" end time: Nov 28 16:39 New Zealand Summer Time
""advent-of-code-year2015-test:2015 Day 20 Part 1 Example works"" time elapsed: 00:00:00
----------------------------------------------------------

Test not available without configuration.  (Missing "-C <config>"?)
55/370 Testing: "advent-of-code-year2015-test:2015 Day 21 Part 1 Example work"
55/370 Test: "advent-of-code-year2015-test:2015 Day 21 Part 1 Example work"
Command: "NOT_AVAILABLE"
Directory: F:/Workspace/Git/advent-of-code/testbuild/test/2015
""advent-of-code-year2015-test:2015 Day 21 Part 1 Example work"" start time: 
Output:
----------------------------------------------------------
<end of output>
Test time =   0.00 sec
----------------------------------------------------------
Test Passed.
""advent-of-code-year2015-test:2015 Day 21 Part 1 Example work"" end time: Nov 28 16:39 New Zealand Summer Time
""advent-of-code-year2015-test:2015 Day 21 Part 1 Example work"" time elapsed: 00:00:00
----------------------------------------------------------

Test not available without configuration.  (Missing "-C <config>"?)
56/370 Testing: "advent-of-code-year2015-test:2015 Day 22 Part 1 Example 1 works"
56/370 Test: "advent-of-code-year2015-test:2015 Day 22 Part 1 Example 1 works"
Command: "NOT_AVAILABLE"
Directory: F:/Workspace/Git/advent-of-code/testbuild/test/2015
""advent-of-code-year2015-test:2015 Day 22 Part 1 Example 1 works"" start time: 
Output:
----------------------------------------------------------
<end of output>
Test time =   0.00 sec
----------------------------------------------------------
Test Passed.
""advent-of-code-year2015-test:2015 Day 22 Part 1 Example 1 works"" end time: Nov 28 16:39 New Zealand Summer Time
""advent-of-code-year2015-test:2015 Day 22 Part 1 Example 1 works"" time elapsed: 00:00:00
----------------------------------------------------------

Test not available without configuration.  (Missing "-C <config>"?)
57/370 Testing: "advent-of-code-year2015-test:2015 Day 24 Part 1 Example works"
57/370 Test: "advent-of-code-year2015-test:2015 Day 24 Part 1 Example works"
Command: "NOT_AVAILABLE"
Directory: F:/Workspace/Git/advent-of-code/testbuild/test/2015
""advent-of-code-year2015-test:2015 Day 24 Part 1 Example works"" start time: 
Output:
----------------------------------------------------------
<end of output>
Test time =   0.00 sec
----------------------------------------------------------
Test Passed.
""advent-of-code-year2015-test:2015 Day 24 Part 1 Example works"" end time: Nov 28 16:39 New Zealand Summer Time
""advent-of-code-year2015-test:2015 Day 24 Part 1 Example works"" time elapsed: 00:00:00
----------------------------------------------------------

Test not available without configuration.  (Missing "-C <config>"?)
58/370 Testing: "advent-of-code-year2015-test:2015 Day 24 Part 2 Example works"
58/370 Test: "advent-of-code-year2015-test:2015 Day 24 Part 2 Example works"
Command: "NOT_AVAILABLE"
Directory: F:/Workspace/Git/advent-of-code/testbuild/test/2015
""advent-of-code-year2015-test:2015 Day 24 Part 2 Example works"" start time: 
Output:
----------------------------------------------------------
<end of output>
Test time =   0.00 sec
----------------------------------------------------------
Test Passed.
""advent-of-code-year2015-test:2015 Day 24 Part 2 Example works"" end time: Nov 28 16:39 New Zealand Summer Time
""advent-of-code-year2015-test:2015 Day 24 Part 2 Example works"" time elapsed: 00:00:00
----------------------------------------------------------

Test not available without configuration.  (Missing "-C <config>"?)
59/370 Testing: "advent-of-code-year2015-test:2015 Day 25 Part 1 Example work"
59/370 Test: "advent-of-code-year2015-test:2015 Day 25 Part 1 Example work"
Command: "NOT_AVAILABLE"
Directory: F:/Workspace/Git/advent-of-code/testbuild/test/2015
""advent-of-code-year2015-test:2015 Day 25 Part 1 Example work"" start time: 
Output:
----------------------------------------------------------
<end of output>
Test time =   0.00 sec
----------------------------------------------------------
Test Passed.
""advent-of-code-year2015-test:2015 Day 25 Part 1 Example work"" end time: Nov 28 16:39 New Zealand Summer Time
""advent-of-code-year2015-test:2015 Day 25 Part 1 Example work"" time elapsed: 00:00:00
----------------------------------------------------------

Test not available without configuration.  (Missing "-C <config>"?)
60/370 Testing: "advent-of-code-year2016-test:2016 Day 1 Part 1 Examples work"
60/370 Test: "advent-of-code-year2016-test:2016 Day 1 Part 1 Examples work"
Command: "NOT_AVAILABLE"
Directory: F:/Workspace/Git/advent-of-code/testbuild/test/2016
""advent-of-code-year2016-test:2016 Day 1 Part 1 Examples work"" start time: 
Output:
----------------------------------------------------------
<end of output>
Test time =   0.00 sec
----------------------------------------------------------
Test Passed.
""advent-of-code-year2016-test:2016 Day 1 Part 1 Examples work"" end time: Nov 28 16:39 New Zealand Summer Time
""advent-of-code-year2016-test:2016 Day 1 Part 1 Examples work"" time elapsed: 00:00:00
----------------------------------------------------------

Test not available without configuration.  (Missing "-C <config>"?)
61/370 Testing: "advent-of-code-year2016-test:2016 Day 1 Part 2 Example works"
61/370 Test: "advent-of-code-year2016-test:2016 Day 1 Part 2 Example works"
Command: "NOT_AVAILABLE"
Directory: F:/Workspace/Git/advent-of-code/testbuild/test/2016
""advent-of-code-year2016-test:2016 Day 1 Part 2 Example works"" start time: 
Output:
----------------------------------------------------------
<end of output>
Test time =   0.00 sec
----------------------------------------------------------
Test Passed.
""advent-of-code-year2016-test:2016 Day 1 Part 2 Example works"" end time: Nov 28 16:39 New Zealand Summer Time
""advent-of-code-year2016-test:2016 Day 1 Part 2 Example works"" time elapsed: 00:00:00
----------------------------------------------------------

Test not available without configuration.  (Missing "-C <config>"?)
62/370 Testing: "advent-of-code-year2016-test:2016 Day 2 Part 1 Example work"
62/370 Test: "advent-of-code-year2016-test:2016 Day 2 Part 1 Example work"
Command: "NOT_AVAILABLE"
Directory: F:/Workspace/Git/advent-of-code/testbuild/test/2016
""advent-of-code-year2016-test:2016 Day 2 Part 1 Example work"" start time: 
Output:
----------------------------------------------------------
<end of output>
Test time =   0.00 sec
----------------------------------------------------------
Test Passed.
""advent-of-code-year2016-test:2016 Day 2 Part 1 Example work"" end time: Nov 28 16:39 New Zealand Summer Time
""advent-of-code-year2016-test:2016 Day 2 Part 1 Example work"" time elapsed: 00:00:00
----------------------------------------------------------

Test not available without configuration.  (Missing "-C <config>"?)
63/370 Testing: "advent-of-code-year2016-test:2016 Day 2 Part 2 Example work"
63/370 Test: "advent-of-code-year2016-test:2016 Day 2 Part 2 Example work"
Command: "NOT_AVAILABLE"
Directory: F:/Workspace/Git/advent-of-code/testbuild/test/2016
""advent-of-code-year2016-test:2016 Day 2 Part 2 Example work"" start time: 
Output:
----------------------------------------------------------
<end of output>
Test time =   0.00 sec
----------------------------------------------------------
Test Passed.
""advent-of-code-year2016-test:2016 Day 2 Part 2 Example work"" end time: Nov 28 16:39 New Zealand Summer Time
""advent-of-code-year2016-test:2016 Day 2 Part 2 Example work"" time elapsed: 00:00:00
----------------------------------------------------------

Test not available without configuration.  (Missing "-C <config>"?)
64/370 Testing: "advent-of-code-year2016-test:2016 Day 3 isValidTriangleWorks"
64/370 Test: "advent-of-code-year2016-test:2016 Day 3 isValidTriangleWorks"
Command: "NOT_AVAILABLE"
Directory: F:/Workspace/Git/advent-of-code/testbuild/test/2016
""advent-of-code-year2016-test:2016 Day 3 isValidTriangleWorks"" start time: 
Output:
----------------------------------------------------------
<end of output>
Test time =   0.00 sec
----------------------------------------------------------
Test Passed.
""advent-of-code-year2016-test:2016 Day 3 isValidTriangleWorks"" end time: Nov 28 16:39 New Zealand Summer Time
""advent-of-code-year2016-test:2016 Day 3 isValidTriangleWorks"" time elapsed: 00:00:00
----------------------------------------------------------

Test not available without configuration.  (Missing "-C <config>"?)
65/370 Testing: "advent-of-code-year2016-test:2016 Day 4 validating rooms works"
65/370 Test: "advent-of-code-year2016-test:2016 Day 4 validating rooms works"
Command: "NOT_AVAILABLE"
Directory: F:/Workspace/Git/advent-of-code/testbuild/test/2016
""advent-of-code-year2016-test:2016 Day 4 validating rooms works"" start time: 
Output:
----------------------------------------------------------
<end of output>
Test time =   0.00 sec
----------------------------------------------------------
Test Passed.
""advent-of-code-year2016-test:2016 Day 4 validating rooms works"" end time: Nov 28 16:39 New Zealand Summer Time
""advent-of-code-year2016-test:2016 Day 4 validating rooms works"" time elapsed: 00:00:00
----------------------------------------------------------

Test not available without configuration.  (Missing "-C <config>"?)
66/370 Testing: "advent-of-code-year2016-test:2016 Day 4 validating north pole room works"
66/370 Test: "advent-of-code-year2016-test:2016 Day 4 validating north pole room works"
Command: "NOT_AVAILABLE"
Directory: F:/Workspace/Git/advent-of-code/testbuild/test/2016
""advent-of-code-year2016-test:2016 Day 4 validating north pole room works"" start time: 
Output:
----------------------------------------------------------
<end of output>
Test time =   0.00 sec
----------------------------------------------------------
Test Passed.
""advent-of-code-year2016-test:2016 Day 4 validating north pole room works"" end time: Nov 28 16:39 New Zealand Summer Time
""advent-of-code-year2016-test:2016 Day 4 validating north pole room works"" time elapsed: 00:00:00
----------------------------------------------------------

Test not available without configuration.  (Missing "-C <config>"?)
67/370 Testing: "advent-of-code-year2016-test:2016 Day 5 isValidIndex works"
67/370 Test: "advent-of-code-year2016-test:2016 Day 5 isValidIndex works"
Command: "NOT_AVAILABLE"
Directory: F:/Workspace/Git/advent-of-code/testbuild/test/2016
""advent-of-code-year2016-test:2016 Day 5 isValidIndex works"" start time: 
Output:
----------------------------------------------------------
<end of output>
Test time =   0.00 sec
----------------------------------------------------------
Test Passed.
""advent-of-code-year2016-test:2016 Day 5 isValidIndex works"" end time: Nov 28 16:39 New Zealand Summer Time
""advent-of-code-year2016-test:2016 Day 5 isValidIndex works"" time elapsed: 00:00:00
----------------------------------------------------------

Test not available without configuration.  (Missing "-C <config>"?)
68/370 Testing: "advent-of-code-year2016-test:2016 Day 6 Part 1 Example work"
68/370 Test: "advent-of-code-year2016-test:2016 Day 6 Part 1 Example work"
Command: "NOT_AVAILABLE"
Directory: F:/Workspace/Git/advent-of-code/testbuild/test/2016
""advent-of-code-year2016-test:2016 Day 6 Part 1 Example work"" start time: 
Output:
----------------------------------------------------------
<end of output>
Test time =   0.00 sec
----------------------------------------------------------
Test Passed.
""advent-of-code-year2016-test:2016 Day 6 Part 1 Example work"" end time: Nov 28 16:39 New Zealand Summer Time
""advent-of-code-year2016-test:2016 Day 6 Part 1 Example work"" time elapsed: 00:00:00
----------------------------------------------------------

Test not available without configuration.  (Missing "-C <config>"?)
69/370 Testing: "advent-of-code-year2016-test:2016 Day 6 Part 2 Example work"
69/370 Test: "advent-of-code-year2016-test:2016 Day 6 Part 2 Example work"
Command: "NOT_AVAILABLE"
Directory: F:/Workspace/Git/advent-of-code/testbuild/test/2016
""advent-of-code-year2016-test:2016 Day 6 Part 2 Example work"" start time: 
Output:
----------------------------------------------------------
<end of output>
Test time =   0.00 sec
----------------------------------------------------------
Test Passed.
""advent-of-code-year2016-test:2016 Day 6 Part 2 Example work"" end time: Nov 28 16:39 New Zealand Summer Time
""advent-of-code-year2016-test:2016 Day 6 Part 2 Example work"" time elapsed: 00:00:00
----------------------------------------------------------

Test not available without configuration.  (Missing "-C <config>"?)
70/370 Testing: "advent-of-code-year2016-test:2016 Day 7 supportsTLS works"
70/370 Test: "advent-of-code-year2016-test:2016 Day 7 supportsTLS works"
Command: "NOT_AVAILABLE"
Directory: F:/Workspace/Git/advent-of-code/testbuild/test/2016
""advent-of-code-year2016-test:2016 Day 7 supportsTLS works"" start time: 
Output:
----------------------------------------------------------
<end of output>
Test time =   0.00 sec
----------------------------------------------------------
Test Passed.
""advent-of-code-year2016-test:2016 Day 7 supportsTLS works"" end time: Nov 28 16:39 New Zealand Summer Time
""advent-of-code-year2016-test:2016 Day 7 supportsTLS works"" time elapsed: 00:00:00
----------------------------------------------------------

Test not available without configuration.  (Missing "-C <config>"?)
71/370 Testing: "advent-of-code-year2016-test:2016 Day 7 hasABBA works"
71/370 Test: "advent-of-code-year2016-test:2016 Day 7 hasABBA works"
Command: "NOT_AVAILABLE"
Directory: F:/Workspace/Git/advent-of-code/testbuild/test/2016
""advent-of-code-year2016-test:2016 Day 7 hasABBA works"" start time: 
Output:
----------------------------------------------------------
<end of output>
Test time =   0.00 sec
----------------------------------------------------------
Test Passed.
""advent-of-code-year2016-test:2016 Day 7 hasABBA works"" end time: Nov 28 16:39 New Zealand Summer Time
""advent-of-code-year2016-test:2016 Day 7 hasABBA works"" time elapsed: 00:00:00
----------------------------------------------------------

Test not available without configuration.  (Missing "-C <config>"?)
72/370 Testing: "advent-of-code-year2016-test:2016 Day 7 supportsSSL works"
72/370 Test: "advent-of-code-year2016-test:2016 Day 7 supportsSSL works"
Command: "NOT_AVAILABLE"
Directory: F:/Workspace/Git/advent-of-code/testbuild/test/2016
""advent-of-code-year2016-test:2016 Day 7 supportsSSL works"" start time: 
Output:
----------------------------------------------------------
<end of output>
Test time =   0.00 sec
----------------------------------------------------------
Test Passed.
""advent-of-code-year2016-test:2016 Day 7 supportsSSL works"" end time: Nov 28 16:39 New Zealand Summer Time
""advent-of-code-year2016-test:2016 Day 7 supportsSSL works"" time elapsed: 00:00:00
----------------------------------------------------------

Test not available without configuration.  (Missing "-C <config>"?)
73/370 Testing: "advent-of-code-year2016-test:2016 Day 8 applying instructions works"
73/370 Test: "advent-of-code-year2016-test:2016 Day 8 applying instructions works"
Command: "NOT_AVAILABLE"
Directory: F:/Workspace/Git/advent-of-code/testbuild/test/2016
""advent-of-code-year2016-test:2016 Day 8 applying instructions works"" start time: 
Output:
----------------------------------------------------------
<end of output>
Test time =   0.00 sec
----------------------------------------------------------
Test Passed.
""advent-of-code-year2016-test:2016 Day 8 applying instructions works"" end time: Nov 28 16:39 New Zealand Summer Time
""advent-of-code-year2016-test:2016 Day 8 applying instructions works"" time elapsed: 00:00:00
----------------------------------------------------------

Test not available without configuration.  (Missing "-C <config>"?)
74/370 Testing: "advent-of-code-year2016-test:2016 Day 8 part 1 works"
74/370 Test: "advent-of-code-year2016-test:2016 Day 8 part 1 works"
Command: "NOT_AVAILABLE"
Directory: F:/Workspace/Git/advent-of-code/testbuild/test/2016
""advent-of-code-year2016-test:2016 Day 8 part 1 works"" start time: 
Output:
----------------------------------------------------------
<end of output>
Test time =   0.00 sec
----------------------------------------------------------
Test Passed.
""advent-of-code-year2016-test:2016 Day 8 part 1 works"" end time: Nov 28 16:39 New Zealand Summer Time
""advent-of-code-year2016-test:2016 Day 8 part 1 works"" time elapsed: 00:00:00
----------------------------------------------------------

Test not available without configuration.  (Missing "-C <config>"?)
75/370 Testing: "advent-of-code-year2016-test:2016 Day 9 Part 1 Examples work"
75/370 Test: "advent-of-code-year2016-test:2016 Day 9 Part 1 Examples work"
Command: "NOT_AVAILABLE"
Directory: F:/Workspace/Git/advent-of-code/testbuild/test/2016
""advent-of-code-year2016-test:2016 Day 9 Part 1 Examples work"" start time: 
Output:
----------------------------------------------------------
<end of output>
Test time =   0.00 sec
----------------------------------------------------------
Test Passed.
""advent-of-code-year2016-test:2016 Day 9 Part 1 Examples work"" end time: Nov 28 16:39 New Zealand Summer Time
""advent-of-code-year2016-test:2016 Day 9 Part 1 Examples work"" time elapsed: 00:00:00
----------------------------------------------------------

Test not available without configuration.  (Missing "-C <config>"?)
76/370 Testing: "advent-of-code-year2016-test:2016 Day 9 Part 2 Examples work"
76/370 Test: "advent-of-code-year2016-test:2016 Day 9 Part 2 Examples work"
Command: "NOT_AVAILABLE"
Directory: F:/Workspace/Git/advent-of-code/testbuild/test/2016
""advent-of-code-year2016-test:2016 Day 9 Part 2 Examples work"" start time: 
Output:
----------------------------------------------------------
<end of output>
Test time =   0.00 sec
----------------------------------------------------------
Test Passed.
""advent-of-code-year2016-test:2016 Day 9 Part 2 Examples work"" end time: Nov 28 16:39 New Zealand Summer Time
""advent-of-code-year2016-test:2016 Day 9 Part 2 Examples work"" time elapsed: 00:00:00
----------------------------------------------------------

Test not available without configuration.  (Missing "-C <config>"?)
77/370 Testing: "advent-of-code-year2016-test:2016 Day 10 Examples work"
77/370 Test: "advent-of-code-year2016-test:2016 Day 10 Examples work"
Command: "NOT_AVAILABLE"
Directory: F:/Workspace/Git/advent-of-code/testbuild/test/2016
""advent-of-code-year2016-test:2016 Day 10 Examples work"" start time: 
Output:
----------------------------------------------------------
<end of output>
Test time =   0.00 sec
----------------------------------------------------------
Test Passed.
""advent-of-code-year2016-test:2016 Day 10 Examples work"" end time: Nov 28 16:39 New Zealand Summer Time
""advent-of-code-year2016-test:2016 Day 10 Examples work"" time elapsed: 00:00:00
----------------------------------------------------------

Test not available without configuration.  (Missing "-C <config>"?)
78/370 Testing: "advent-of-code-year2016-test:2016 Day 11 valid works"
78/370 Test: "advent-of-code-year2016-test:2016 Day 11 valid works"
Command: "NOT_AVAILABLE"
Directory: F:/Workspace/Git/advent-of-code/testbuild/test/2016
""advent-of-code-year2016-test:2016 Day 11 valid works"" start time: 
Output:
----------------------------------------------------------
<end of output>
Test time =   0.00 sec
----------------------------------------------------------
Test Passed.
""advent-of-code-year2016-test:2016 Day 11 valid works"" end time: Nov 28 16:39 New Zealand Summer Time
""advent-of-code-year2016-test:2016 Day 11 valid works"" time elapsed: 00:00:00
----------------------------------------------------------

Test not available without configuration.  (Missing "-C <config>"?)
79/370 Testing: "advent-of-code-year2016-test:2016 Day 11 Part 1 Example work"
79/370 Test: "advent-of-code-year2016-test:2016 Day 11 Part 1 Example work"
Command: "NOT_AVAILABLE"
Directory: F:/Workspace/Git/advent-of-code/testbuild/test/2016
""advent-of-code-year2016-test:2016 Day 11 Part 1 Example work"" start time: 
Output:
----------------------------------------------------------
<end of output>
Test time =   0.00 sec
----------------------------------------------------------
Test Passed.
""advent-of-code-year2016-test:2016 Day 11 Part 1 Example work"" end time: Nov 28 16:39 New Zealand Summer Time
""advent-of-code-year2016-test:2016 Day 11 Part 1 Example work"" time elapsed: 00:00:00
----------------------------------------------------------

Test not available without configuration.  (Missing "-C <config>"?)
80/370 Testing: "advent-of-code-year2016-test:2016 Day 12 Part 1 Example work"
80/370 Test: "advent-of-code-year2016-test:2016 Day 12 Part 1 Example work"
Command: "NOT_AVAILABLE"
Directory: F:/Workspace/Git/advent-of-code/testbuild/test/2016
""advent-of-code-year2016-test:2016 Day 12 Part 1 Example work"" start time: 
Output:
----------------------------------------------------------
<end of output>
Test time =   0.00 sec
----------------------------------------------------------
Test Passed.
""advent-of-code-year2016-test:2016 Day 12 Part 1 Example work"" end time: Nov 28 16:39 New Zealand Summer Time
""advent-of-code-year2016-test:2016 Day 12 Part 1 Example work"" time elapsed: 00:00:00
----------------------------------------------------------

Test not available without configuration.  (Missing "-C <config>"?)
81/370 Testing: "advent-of-code-year2016-test:2016 Day 13 get traversable works"
81/370 Test: "advent-of-code-year2016-test:2016 Day 13 get traversable works"
Command: "NOT_AVAILABLE"
Directory: F:/Workspace/Git/advent-of-code/testbuild/test/2016
""advent-of-code-year2016-test:2016 Day 13 get traversable works"" start time: 
Output:
----------------------------------------------------------
<end of output>
Test time =   0.00 sec
----------------------------------------------------------
Test Passed.
""advent-of-code-year2016-test:2016 Day 13 get traversable works"" end time: Nov 28 16:39 New Zealand Summer Time
""advent-of-code-year2016-test:2016 Day 13 get traversable works"" time elapsed: 00:00:00
----------------------------------------------------------

Test not available without configuration.  (Missing "-C <config>"?)
82/370 Testing: "advent-of-code-year2016-test:2016 Day 13 Part 1 Example work"
82/370 Test: "advent-of-code-year2016-test:2016 Day 13 Part 1 Example work"
Command: "NOT_AVAILABLE"
Directory: F:/Workspace/Git/advent-of-code/testbuild/test/2016
""advent-of-code-year2016-test:2016 Day 13 Part 1 Example work"" start time: 
Output:
----------------------------------------------------------
<end of output>
Test time =   0.00 sec
----------------------------------------------------------
Test Passed.
""advent-of-code-year2016-test:2016 Day 13 Part 1 Example work"" end time: Nov 28 16:39 New Zealand Summer Time
""advent-of-code-year2016-test:2016 Day 13 Part 1 Example work"" time elapsed: 00:00:00
----------------------------------------------------------

Test not available without configuration.  (Missing "-C <config>"?)
83/370 Testing: "advent-of-code-year2016-test:2016 Day 14 hasTriple works"
83/370 Test: "advent-of-code-year2016-test:2016 Day 14 hasTriple works"
Command: "NOT_AVAILABLE"
Directory: F:/Workspace/Git/advent-of-code/testbuild/test/2016
""advent-of-code-year2016-test:2016 Day 14 hasTriple works"" start time: 
Output:
----------------------------------------------------------
<end of output>
Test time =   0.00 sec
----------------------------------------------------------
Test Passed.
""advent-of-code-year2016-test:2016 Day 14 hasTriple works"" end time: Nov 28 16:39 New Zealand Summer Time
""advent-of-code-year2016-test:2016 Day 14 hasTriple works"" time elapsed: 00:00:00
----------------------------------------------------------

Test not available without configuration.  (Missing "-C <config>"?)
84/370 Testing: "advent-of-code-year2016-test:2016 Day 14 hasQuintuple works"
84/370 Test: "advent-of-code-year2016-test:2016 Day 14 hasQuintuple works"
Command: "NOT_AVAILABLE"
Directory: F:/Workspace/Git/advent-of-code/testbuild/test/2016
""advent-of-code-year2016-test:2016 Day 14 hasQuintuple works"" start time: 
Output:
----------------------------------------------------------
<end of output>
Test time =   0.00 sec
----------------------------------------------------------
Test Passed.
""advent-of-code-year2016-test:2016 Day 14 hasQuintuple works"" end time: Nov 28 16:39 New Zealand Summer Time
""advent-of-code-year2016-test:2016 Day 14 hasQuintuple works"" time elapsed: 00:00:00
----------------------------------------------------------

Test not available without configuration.  (Missing "-C <config>"?)
85/370 Testing: "advent-of-code-year2016-test:2016 Day 14 isKey works"
85/370 Test: "advent-of-code-year2016-test:2016 Day 14 isKey works"
Command: "NOT_AVAILABLE"
Directory: F:/Workspace/Git/advent-of-code/testbuild/test/2016
""advent-of-code-year2016-test:2016 Day 14 isKey works"" start time: 
Output:
----------------------------------------------------------
<end of output>
Test time =   0.00 sec
----------------------------------------------------------
Test Passed.
""advent-of-code-year2016-test:2016 Day 14 isKey works"" end time: Nov 28 16:39 New Zealand Summer Time
""advent-of-code-year2016-test:2016 Day 14 isKey works"" time elapsed: 00:00:00
----------------------------------------------------------

Test not available without configuration.  (Missing "-C <config>"?)
86/370 Testing: "advent-of-code-year2016-test:2016 Day 14 isKey works for key stretching"
86/370 Test: "advent-of-code-year2016-test:2016 Day 14 isKey works for key stretching"
Command: "NOT_AVAILABLE"
Directory: F:/Workspace/Git/advent-of-code/testbuild/test/2016
""advent-of-code-year2016-test:2016 Day 14 isKey works for key stretching"" start time: 
Output:
----------------------------------------------------------
<end of output>
Test time =   0.00 sec
----------------------------------------------------------
Test Passed.
""advent-of-code-year2016-test:2016 Day 14 isKey works for key stretching"" end time: Nov 28 16:39 New Zealand Summer Time
""advent-of-code-year2016-test:2016 Day 14 isKey works for key stretching"" time elapsed: 00:00:00
----------------------------------------------------------

Test not available without configuration.  (Missing "-C <config>"?)
87/370 Testing: "advent-of-code-year2016-test:2016 Day 14 getNthKeyIndex works"
87/370 Test: "advent-of-code-year2016-test:2016 Day 14 getNthKeyIndex works"
Command: "NOT_AVAILABLE"
Directory: F:/Workspace/Git/advent-of-code/testbuild/test/2016
""advent-of-code-year2016-test:2016 Day 14 getNthKeyIndex works"" start time: 
Output:
----------------------------------------------------------
<end of output>
Test time =   0.00 sec
----------------------------------------------------------
Test Passed.
""advent-of-code-year2016-test:2016 Day 14 getNthKeyIndex works"" end time: Nov 28 16:39 New Zealand Summer Time
""advent-of-code-year2016-test:2016 Day 14 getNthKeyIndex works"" time elapsed: 00:00:00
----------------------------------------------------------

Test not available without configuration.  (Missing "-C <config>"?)
88/370 Testing: "advent-of-code-year2016-test:2016 Day 14 getNthKeyIndex works for key stretching"
88/370 Test: "advent-of-code-year2016-test:2016 Day 14 getNthKeyIndex works for key stretching"
Command: "NOT_AVAILABLE"
Directory: F:/Workspace/Git/advent-of-code/testbuild/test/2016
""advent-of-code-year2016-test:2016 Day 14 getNthKeyIndex works for key stretching"" start time: 
Output:
----------------------------------------------------------
<end of output>
Test time =   0.00 sec
----------------------------------------------------------
Test Passed.
""advent-of-code-year2016-test:2016 Day 14 getNthKeyIndex works for key stretching"" end time: Nov 28 16:39 New Zealand Summer Time
""advent-of-code-year2016-test:2016 Day 14 getNthKeyIndex works for key stretching"" time elapsed: 00:00:00
----------------------------------------------------------

Test not available without configuration.  (Missing "-C <config>"?)
89/370 Testing: "advent-of-code-year2016-test:2016 Day 15 getNumberAndStartingPositions works"
89/370 Test: "advent-of-code-year2016-test:2016 Day 15 getNumberAndStartingPositions works"
Command: "NOT_AVAILABLE"
Directory: F:/Workspace/Git/advent-of-code/testbuild/test/2016
""advent-of-code-year2016-test:2016 Day 15 getNumberAndStartingPositions works"" start time: 
Output:
----------------------------------------------------------
<end of output>
Test time =   0.00 sec
----------------------------------------------------------
Test Passed.
""advent-of-code-year2016-test:2016 Day 15 getNumberAndStartingPositions works"" end time: Nov 28 16:39 New Zealand Summer Time
""advent-of-code-year2016-test:2016 Day 15 getNumberAndStartingPositions works"" time elapsed: 00:00:00
----------------------------------------------------------

Test not available without configuration.  (Missing "-C <config>"?)
90/370 Testing: "advent-of-code-year2016-test:2016 Day 15 isValidFromStartTime works"
90/370 Test: "advent-of-code-year2016-test:2016 Day 15 isValidFromStartTime works"
Command: "NOT_AVAILABLE"
Directory: F:/Workspace/Git/advent-of-code/testbuild/test/2016
""advent-of-code-year2016-test:2016 Day 15 isValidFromStartTime works"" start time: 
Output:
----------------------------------------------------------
<end of output>
Test time =   0.00 sec
----------------------------------------------------------
Test Passed.
""advent-of-code-year2016-test:2016 Day 15 isValidFromStartTime works"" end time: Nov 28 16:39 New Zealand Summer Time
""advent-of-code-year2016-test:2016 Day 15 isValidFromStartTime works"" time elapsed: 00:00:00
----------------------------------------------------------

Test not available without configuration.  (Missing "-C <config>"?)
91/370 Testing: "advent-of-code-year2016-test:2016 Day 15 getFirstTime works"
91/370 Test: "advent-of-code-year2016-test:2016 Day 15 getFirstTime works"
Command: "NOT_AVAILABLE"
Directory: F:/Workspace/Git/advent-of-code/testbuild/test/2016
""advent-of-code-year2016-test:2016 Day 15 getFirstTime works"" start time: 
Output:
----------------------------------------------------------
<end of output>
Test time =   0.00 sec
----------------------------------------------------------
Test Passed.
""advent-of-code-year2016-test:2016 Day 15 getFirstTime works"" end time: Nov 28 16:39 New Zealand Summer Time
""advent-of-code-year2016-test:2016 Day 15 getFirstTime works"" time elapsed: 00:00:00
----------------------------------------------------------

Test not available without configuration.  (Missing "-C <config>"?)
92/370 Testing: "advent-of-code-year2016-test:2016 Day 16 performDragonProcess works"
92/370 Test: "advent-of-code-year2016-test:2016 Day 16 performDragonProcess works"
Command: "NOT_AVAILABLE"
Directory: F:/Workspace/Git/advent-of-code/testbuild/test/2016
""advent-of-code-year2016-test:2016 Day 16 performDragonProcess works"" start time: 
Output:
----------------------------------------------------------
<end of output>
Test time =   0.00 sec
----------------------------------------------------------
Test Passed.
""advent-of-code-year2016-test:2016 Day 16 performDragonProcess works"" end time: Nov 28 16:39 New Zealand Summer Time
""advent-of-code-year2016-test:2016 Day 16 performDragonProcess works"" time elapsed: 00:00:00
----------------------------------------------------------

Test not available without configuration.  (Missing "-C <config>"?)
93/370 Testing: "advent-of-code-year2016-test:2016 Day 16 performDragonProcessForDesiredSize works"
93/370 Test: "advent-of-code-year2016-test:2016 Day 16 performDragonProcessForDesiredSize works"
Command: "NOT_AVAILABLE"
Directory: F:/Workspace/Git/advent-of-code/testbuild/test/2016
""advent-of-code-year2016-test:2016 Day 16 performDragonProcessForDesiredSize works"" start time: 
Output:
----------------------------------------------------------
<end of output>
Test time =   0.00 sec
----------------------------------------------------------
Test Passed.
""advent-of-code-year2016-test:2016 Day 16 performDragonProcessForDesiredSize works"" end time: Nov 28 16:39 New Zealand Summer Time
""advent-of-code-year2016-test:2016 Day 16 performDragonProcessForDesiredSize works"" time elapsed: 00:00:00
----------------------------------------------------------

Test not available without configuration.  (Missing "-C <config>"?)
94/370 Testing: "advent-of-code-year2016-test:2016 Day 16 calculateChecksum works"
94/370 Test: "advent-of-code-year2016-test:2016 Day 16 calculateChecksum works"
Command: "NOT_AVAILABLE"
Directory: F:/Workspace/Git/advent-of-code/testbuild/test/2016
""advent-of-code-year2016-test:2016 Day 16 calculateChecksum works"" start time: 
Output:
----------------------------------------------------------
<end of output>
Test time =   0.00 sec
----------------------------------------------------------
Test Passed.
""advent-of-code-year2016-test:2016 Day 16 calculateChecksum works"" end time: Nov 28 16:39 New Zealand Summer Time
""advent-of-code-year2016-test:2016 Day 16 calculateChecksum works"" time elapsed: 00:00:00
----------------------------------------------------------

Test not available without configuration.  (Missing "-C <config>"?)
95/370 Testing: "advent-of-code-year2016-test:2016 Day 16 calculateChecksumFromStateForSize works"
95/370 Test: "advent-of-code-year2016-test:2016 Day 16 calculateChecksumFromStateForSize works"
Command: "NOT_AVAILABLE"
Directory: F:/Workspace/Git/advent-of-code/testbuild/test/2016
""advent-of-code-year2016-test:2016 Day 16 calculateChecksumFromStateForSize works"" start time: 
Output:
----------------------------------------------------------
<end of output>
Test time =   0.00 sec
----------------------------------------------------------
Test Passed.
""advent-of-code-year2016-test:2016 Day 16 calculateChecksumFromStateForSize works"" end time: Nov 28 16:39 New Zealand Summer Time
[...]
345/370 Test: "advent-of-code-year2022-test:Day 25 Examples work"
Command: "NOT_AVAILABLE"
Directory: F:/Workspace/Git/advent-of-code/testbuild/test/2022
""advent-of-code-year2022-test:Day 25 Examples work"" start time: 
Output:
----------------------------------------------------------
<end of output>
Test time =   0.00 sec
----------------------------------------------------------
Test Passed.
""advent-of-code-year2022-test:Day 25 Examples work"" end time: Nov 28 16:39 New Zealand Summer Time
""advent-of-code-year2022-test:Day 25 Examples work"" time elapsed: 00:00:00
----------------------------------------------------------

Test not available without configuration.  (Missing "-C <config>"?)
346/370 Testing: "advent-of-code-year2023-test:Day 1 Examples work"
346/370 Test: "advent-of-code-year2023-test:Day 1 Examples work"
Command: "NOT_AVAILABLE"
Directory: F:/Workspace/Git/advent-of-code/testbuild/test/2023
""advent-of-code-year2023-test:Day 1 Examples work"" start time: 
Output:
----------------------------------------------------------
<end of output>
Test time =   0.00 sec
----------------------------------------------------------
Test Passed.
""advent-of-code-year2023-test:Day 1 Examples work"" end time: Nov 28 16:39 New Zealand Summer Time
""advent-of-code-year2023-test:Day 1 Examples work"" time elapsed: 00:00:00
----------------------------------------------------------

Test not available without configuration.  (Missing "-C <config>"?)
347/370 Testing: "advent-of-code-year2023-test:Day 2 Examples work"
347/370 Test: "advent-of-code-year2023-test:Day 2 Examples work"
Command: "NOT_AVAILABLE"
Directory: F:/Workspace/Git/advent-of-code/testbuild/test/2023
""advent-of-code-year2023-test:Day 2 Examples work"" start time: 
Output:
----------------------------------------------------------
<end of output>
Test time =   0.00 sec
----------------------------------------------------------
Test Passed.
""advent-of-code-year2023-test:Day 2 Examples work"" end time: Nov 28 16:39 New Zealand Summer Time
""advent-of-code-year2023-test:Day 2 Examples work"" time elapsed: 00:00:00
----------------------------------------------------------

Test not available without configuration.  (Missing "-C <config>"?)
348/370 Testing: "advent-of-code-year2023-test:Day 3 Examples work"
348/370 Test: "advent-of-code-year2023-test:Day 3 Examples work"
Command: "NOT_AVAILABLE"
Directory: F:/Workspace/Git/advent-of-code/testbuild/test/2023
""advent-of-code-year2023-test:Day 3 Examples work"" start time: 
Output:
----------------------------------------------------------
<end of output>
Test time =   0.00 sec
----------------------------------------------------------
Test Passed.
""advent-of-code-year2023-test:Day 3 Examples work"" end time: Nov 28 16:39 New Zealand Summer Time
""advent-of-code-year2023-test:Day 3 Examples work"" time elapsed: 00:00:00
----------------------------------------------------------

Test not available without configuration.  (Missing "-C <config>"?)
349/370 Testing: "advent-of-code-year2023-test:Day 4 Examples work"
349/370 Test: "advent-of-code-year2023-test:Day 4 Examples work"
Command: "NOT_AVAILABLE"
Directory: F:/Workspace/Git/advent-of-code/testbuild/test/2023
""advent-of-code-year2023-test:Day 4 Examples work"" start time: 
Output:
----------------------------------------------------------
<end of output>
Test time =   0.00 sec
----------------------------------------------------------
Test Passed.
""advent-of-code-year2023-test:Day 4 Examples work"" end time: Nov 28 16:39 New Zealand Summer Time
""advent-of-code-year2023-test:Day 4 Examples work"" time elapsed: 00:00:00
----------------------------------------------------------

Test not available without configuration.  (Missing "-C <config>"?)
350/370 Testing: "advent-of-code-year2023-test:Day 5 Examples work"
350/370 Test: "advent-of-code-year2023-test:Day 5 Examples work"
Command: "NOT_AVAILABLE"
Directory: F:/Workspace/Git/advent-of-code/testbuild/test/2023
""advent-of-code-year2023-test:Day 5 Examples work"" start time: 
Output:
----------------------------------------------------------
<end of output>
Test time =   0.00 sec
----------------------------------------------------------
Test Passed.
""advent-of-code-year2023-test:Day 5 Examples work"" end time: Nov 28 16:39 New Zealand Summer Time
""advent-of-code-year2023-test:Day 5 Examples work"" time elapsed: 00:00:00
----------------------------------------------------------

Test not available without configuration.  (Missing "-C <config>"?)
351/370 Testing: "advent-of-code-year2023-test:Day 6 Examples work"
351/370 Test: "advent-of-code-year2023-test:Day 6 Examples work"
Command: "NOT_AVAILABLE"
Directory: F:/Workspace/Git/advent-of-code/testbuild/test/2023
""advent-of-code-year2023-test:Day 6 Examples work"" start time: 
Output:
----------------------------------------------------------
<end of output>
Test time =   0.00 sec
----------------------------------------------------------
Test Passed.
""advent-of-code-year2023-test:Day 6 Examples work"" end time: Nov 28 16:39 New Zealand Summer Time
""advent-of-code-year2023-test:Day 6 Examples work"" time elapsed: 00:00:00
----------------------------------------------------------

Test not available without configuration.  (Missing "-C <config>"?)
352/370 Testing: "advent-of-code-year2023-test:Day 7 Examples work"
352/370 Test: "advent-of-code-year2023-test:Day 7 Examples work"
Command: "NOT_AVAILABLE"
Directory: F:/Workspace/Git/advent-of-code/testbuild/test/2023
""advent-of-code-year2023-test:Day 7 Examples work"" start time: 
Output:
----------------------------------------------------------
<end of output>
Test time =   0.00 sec
----------------------------------------------------------
Test Passed.
""advent-of-code-year2023-test:Day 7 Examples work"" end time: Nov 28 16:39 New Zealand Summer Time
""advent-of-code-year2023-test:Day 7 Examples work"" time elapsed: 00:00:00
----------------------------------------------------------

Test not available without configuration.  (Missing "-C <config>"?)
353/370 Testing: "advent-of-code-year2023-test:Day 8 Examples work"
353/370 Test: "advent-of-code-year2023-test:Day 8 Examples work"
Command: "NOT_AVAILABLE"
Directory: F:/Workspace/Git/advent-of-code/testbuild/test/2023
""advent-of-code-year2023-test:Day 8 Examples work"" start time: 
Output:
----------------------------------------------------------
<end of output>
Test time =   0.00 sec
----------------------------------------------------------
Test Passed.
""advent-of-code-year2023-test:Day 8 Examples work"" end time: Nov 28 16:39 New Zealand Summer Time
""advent-of-code-year2023-test:Day 8 Examples work"" time elapsed: 00:00:00
----------------------------------------------------------

Test not available without configuration.  (Missing "-C <config>"?)
354/370 Testing: "advent-of-code-year2023-test:Day 9 Examples work"
354/370 Test: "advent-of-code-year2023-test:Day 9 Examples work"
Command: "NOT_AVAILABLE"
Directory: F:/Workspace/Git/advent-of-code/testbuild/test/2023
""advent-of-code-year2023-test:Day 9 Examples work"" start time: 
Output:
----------------------------------------------------------
<end of output>
Test time =   0.00 sec
----------------------------------------------------------
Test Passed.
""advent-of-code-year2023-test:Day 9 Examples work"" end time: Nov 28 16:39 New Zealand Summer Time
""advent-of-code-year2023-test:Day 9 Examples work"" time elapsed: 00:00:00
----------------------------------------------------------

Test not available without configuration.  (Missing "-C <config>"?)
355/370 Testing: "advent-of-code-year2023-test:Day 10 Examples work"
355/370 Test: "advent-of-code-year2023-test:Day 10 Examples work"
Command: "NOT_AVAILABLE"
Directory: F:/Workspace/Git/advent-of-code/testbuild/test/2023
""advent-of-code-year2023-test:Day 10 Examples work"" start time: 
Output:
----------------------------------------------------------
<end of output>
Test time =   0.00 sec
----------------------------------------------------------
Test Passed.
""advent-of-code-year2023-test:Day 10 Examples work"" end time: Nov 28 16:39 New Zealand Summer Time
""advent-of-code-year2023-test:Day 10 Examples work"" time elapsed: 00:00:00
----------------------------------------------------------

Test not available without configuration.  (Missing "-C <config>"?)
356/370 Testing: "advent-of-code-year2023-test:Day 11 Examples work"
356/370 Test: "advent-of-code-year2023-test:Day 11 Examples work"
Command: "NOT_AVAILABLE"
Directory: F:/Workspace/Git/advent-of-code/testbuild/test/2023
""advent-of-code-year2023-test:Day 11 Examples work"" start time: 
Output:
----------------------------------------------------------
<end of output>
Test time =   0.00 sec
----------------------------------------------------------
Test Passed.
""advent-of-code-year2023-test:Day 11 Examples work"" end time: Nov 28 16:39 New Zealand Summer Time
""advent-of-code-year2023-test:Day 11 Examples work"" time elapsed: 00:00:00
----------------------------------------------------------

Test not available without configuration.  (Missing "-C <config>"?)
357/370 Testing: "advent-of-code-year2023-test:Day 12 Examples work"
357/370 Test: "advent-of-code-year2023-test:Day 12 Examples work"
Command: "NOT_AVAILABLE"
Directory: F:/Workspace/Git/advent-of-code/testbuild/test/2023
""advent-of-code-year2023-test:Day 12 Examples work"" start time: 
Output:
----------------------------------------------------------
<end of output>
Test time =   0.00 sec
----------------------------------------------------------
Test Passed.
""advent-of-code-year2023-test:Day 12 Examples work"" end time: Nov 28 16:39 New Zealand Summer Time
""advent-of-code-year2023-test:Day 12 Examples work"" time elapsed: 00:00:00
----------------------------------------------------------

Test not available without configuration.  (Missing "-C <config>"?)
358/370 Testing: "advent-of-code-year2023-test:Day 13 Examples work"
358/370 Test: "advent-of-code-year2023-test:Day 13 Examples work"
Command: "NOT_AVAILABLE"
Directory: F:/Workspace/Git/advent-of-code/testbuild/test/2023
""advent-of-code-year2023-test:Day 13 Examples work"" start time: 
Output:
----------------------------------------------------------
<end of output>
Test time =   0.00 sec
----------------------------------------------------------
Test Passed.
""advent-of-code-year2023-test:Day 13 Examples work"" end time: Nov 28 16:39 New Zealand Summer Time
""advent-of-code-year2023-test:Day 13 Examples work"" time elapsed: 00:00:00
----------------------------------------------------------

Test not available without configuration.  (Missing "-C <config>"?)
359/370 Testing: "advent-of-code-year2023-test:Day 14 Examples work"
359/370 Test: "advent-of-code-year2023-test:Day 14 Examples work"
Command: "NOT_AVAILABLE"
Directory: F:/Workspace/Git/advent-of-code/testbuild/test/2023
""advent-of-code-year2023-test:Day 14 Examples work"" start time: 
Output:
----------------------------------------------------------
<end of output>
Test time =   0.00 sec
----------------------------------------------------------
Test Passed.
""advent-of-code-year2023-test:Day 14 Examples work"" end time: Nov 28 16:39 New Zealand Summer Time
""advent-of-code-year2023-test:Day 14 Examples work"" time elapsed: 00:00:00
----------------------------------------------------------

Test not available without configuration.  (Missing "-C <config>"?)
360/370 Testing: "advent-of-code-year2023-test:Day 15 Examples work"
360/370 Test: "advent-of-code-year2023-test:Day 15 Examples work"
Command: "NOT_AVAILABLE"
Directory: F:/Workspace/Git/advent-of-code/testbuild/test/2023
""advent-of-code-year2023-test:Day 15 Examples work"" start time: 
Output:
----------------------------------------------------------
<end of output>
Test time =   0.00 sec
----------------------------------------------------------
Test Passed.
""advent-of-code-year2023-test:Day 15 Examples work"" end time: Nov 28 16:39 New Zealand Summer Time
""advent-of-code-year2023-test:Day 15 Examples work"" time elapsed: 00:00:00
----------------------------------------------------------

Test not available without configuration.  (Missing "-C <config>"?)
361/370 Testing: "advent-of-code-year2023-test:Day 16 Examples work"
361/370 Test: "advent-of-code-year2023-test:Day 16 Examples work"
Command: "NOT_AVAILABLE"
Directory: F:/Workspace/Git/advent-of-code/testbuild/test/2023
""advent-of-code-year2023-test:Day 16 Examples work"" start time: 
Output:
----------------------------------------------------------
<end of output>
Test time =   0.00 sec
----------------------------------------------------------
Test Passed.
""advent-of-code-year2023-test:Day 16 Examples work"" end time: Nov 28 16:39 New Zealand Summer Time
""advent-of-code-year2023-test:Day 16 Examples work"" time elapsed: 00:00:00
----------------------------------------------------------

Test not available without configuration.  (Missing "-C <config>"?)
362/370 Testing: "advent-of-code-year2023-test:Day 17 Examples work"
362/370 Test: "advent-of-code-year2023-test:Day 17 Examples work"
Command: "NOT_AVAILABLE"
Directory: F:/Workspace/Git/advent-of-code/testbuild/test/2023
""advent-of-code-year2023-test:Day 17 Examples work"" start time: 
Output:
----------------------------------------------------------
<end of output>
Test time =   0.00 sec
----------------------------------------------------------
Test Passed.
""advent-of-code-year2023-test:Day 17 Examples work"" end time: Nov 28 16:39 New Zealand Summer Time
""advent-of-code-year2023-test:Day 17 Examples work"" time elapsed: 00:00:00
----------------------------------------------------------

Test not available without configuration.  (Missing "-C <config>"?)
363/370 Testing: "advent-of-code-year2023-test:Day 18 Examples work"
363/370 Test: "advent-of-code-year2023-test:Day 18 Examples work"
Command: "NOT_AVAILABLE"
Directory: F:/Workspace/Git/advent-of-code/testbuild/test/2023
""advent-of-code-year2023-test:Day 18 Examples work"" start time: 
Output:
----------------------------------------------------------
<end of output>
Test time =   0.00 sec
----------------------------------------------------------
Test Passed.
""advent-of-code-year2023-test:Day 18 Examples work"" end time: Nov 28 16:39 New Zealand Summer Time
""advent-of-code-year2023-test:Day 18 Examples work"" time elapsed: 00:00:00
----------------------------------------------------------

Test not available without configuration.  (Missing "-C <config>"?)
364/370 Testing: "advent-of-code-year2023-test:Day 19 Examples work"
364/370 Test: "advent-of-code-year2023-test:Day 19 Examples work"
Command: "NOT_AVAILABLE"
Directory: F:/Workspace/Git/advent-of-code/testbuild/test/2023
""advent-of-code-year2023-test:Day 19 Examples work"" start time: 
Output:
----------------------------------------------------------
<end of output>
Test time =   0.00 sec
----------------------------------------------------------
Test Passed.
""advent-of-code-year2023-test:Day 19 Examples work"" end time: Nov 28 16:39 New Zealand Summer Time
""advent-of-code-year2023-test:Day 19 Examples work"" time elapsed: 00:00:00
----------------------------------------------------------

Test not available without configuration.  (Missing "-C <config>"?)
365/370 Testing: "advent-of-code-year2023-test:Day 20 Examples work"
365/370 Test: "advent-of-code-year2023-test:Day 20 Examples work"
Command: "NOT_AVAILABLE"
Directory: F:/Workspace/Git/advent-of-code/testbuild/test/2023
""advent-of-code-year2023-test:Day 20 Examples work"" start time: 
Output:
----------------------------------------------------------
<end of output>
Test time =   0.00 sec
----------------------------------------------------------
Test Passed.
""advent-of-code-year2023-test:Day 20 Examples work"" end time: Nov 28 16:39 New Zealand Summer Time
""advent-of-code-year2023-test:Day 20 Examples work"" time elapsed: 00:00:00
----------------------------------------------------------

Test not available without configuration.  (Missing "-C <config>"?)
366/370 Testing: "advent-of-code-year2023-test:Day 21 Examples work"
366/370 Test: "advent-of-code-year2023-test:Day 21 Examples work"
Command: "NOT_AVAILABLE"
Directory: F:/Workspace/Git/advent-of-code/testbuild/test/2023
""advent-of-code-year2023-test:Day 21 Examples work"" start time: 
Output:
----------------------------------------------------------
<end of output>
Test time =   0.00 sec
----------------------------------------------------------
Test Passed.
""advent-of-code-year2023-test:Day 21 Examples work"" end time: Nov 28 16:39 New Zealand Summer Time
""advent-of-code-year2023-test:Day 21 Examples work"" time elapsed: 00:00:00
----------------------------------------------------------

Test not available without configuration.  (Missing "-C <config>"?)
367/370 Testing: "advent-of-code-year2023-test:Day 22 Examples work"
367/370 Test: "advent-of-code-year2023-test:Day 22 Examples work"
Command: "NOT_AVAILABLE"
Directory: F:/Workspace/Git/advent-of-code/testbuild/test/2023
""advent-of-code-year2023-test:Day 22 Examples work"" start time: 
Output:
----------------------------------------------------------
<end of output>
Test time =   0.00 sec
----------------------------------------------------------
Test Passed.
""advent-of-code-year2023-test:Day 22 Examples work"" end time: Nov 28 16:39 New Zealand Summer Time
""advent-of-code-year2023-test:Day 22 Examples work"" time elapsed: 00:00:00
----------------------------------------------------------

Test not available without configuration.  (Missing "-C <config>"?)
368/370 Testing: "advent-of-code-year2023-test:Day 23 Examples work"
368/370 Test: "advent-of-code-year2023-test:Day 23 Examples work"
Command: "NOT_AVAILABLE"
Directory: F:/Workspace/Git/advent-of-code/testbuild/test/2023
""advent-of-code-year2023-test:Day 23 Examples work"" start time: 
Output:
----------------------------------------------------------
<end of output>
Test time =   0.00 sec
----------------------------------------------------------
Test Passed.
""advent-of-code-year2023-test:Day 23 Examples work"" end time: Nov 28 16:39 New Zealand Summer Time
""advent-of-code-year2023-test:Day 23 Examples work"" time elapsed: 00:00:00
----------------------------------------------------------

Test not available without configuration.  (Missing "-C <config>"?)
369/370 Testing: "advent-of-code-year2023-test:Day 24 Examples work"
369/370 Test: "advent-of-code-year2023-test:Day 24 Examples work"
Command: "NOT_AVAILABLE"
Directory: F:/Workspace/Git/advent-of-code/testbuild/test/2023
""advent-of-code-year2023-test:Day 24 Examples work"" start time: 
Output:
----------------------------------------------------------
<end of output>
Test time =   0.00 sec
----------------------------------------------------------
Test Passed.
""advent-of-code-year2023-test:Day 24 Examples work"" end time: Nov 28 16:39 New Zealand Summer Time
""advent-of-code-year2023-test:Day 24 Examples work"" time elapsed: 00:00:00
----------------------------------------------------------

Test not available without configuration.  (Missing "-C <config>"?)
370/370 Testing: "advent-of-code-year2023-test:Day 25 Examples work"
370/370 Test: "advent-of-code-year2023-test:Day 25 Examples work"
Command: "NOT_AVAILABLE"
Directory: F:/Workspace/Git/advent-of-code/testbuild/test/2023
""advent-of-code-year2023-test:Day 25 Examples work"" start time: 
Output:
----------------------------------------------------------
<end of output>
Test time =   0.00 sec
----------------------------------------------------------
Test Passed.
""advent-of-code-year2023-test:Day 25 Examples work"" end time: Nov 28 16:39 New Zealand Summer Time
""advent-of-code-year2023-test:Day 25 Examples work"" time elapsed: 00:00:00
----------------------------------------------------------

End testing: Nov 28 16:39 New Zealand Summer Time
